timestamp: 2012-06-19T20:39:07.231000
CREATE TABLE auth_user(
    id INTEGER PRIMARY KEY AUTOINCREMENT,
    first_name CHAR(128),
    last_name CHAR(128),
    email CHAR(512),
    password CHAR(512),
    registration_key CHAR(512),
    reset_password_key CHAR(512),
    registration_id CHAR(512)
);
success!
timestamp: 2012-06-19T20:39:07.240000
CREATE TABLE auth_group(
    id INTEGER PRIMARY KEY AUTOINCREMENT,
    role CHAR(512),
    description TEXT
);
success!
timestamp: 2012-06-19T20:39:07.247000
CREATE TABLE auth_membership(
    id INTEGER PRIMARY KEY AUTOINCREMENT,
    user_id INTEGER REFERENCES auth_user(id) ON DELETE CASCADE,
    group_id INTEGER REFERENCES auth_group(id) ON DELETE CASCADE
);
success!
timestamp: 2012-06-19T20:39:07.256000
CREATE TABLE auth_permission(
    id INTEGER PRIMARY KEY AUTOINCREMENT,
    group_id INTEGER REFERENCES auth_group(id) ON DELETE CASCADE,
    name CHAR(512),
    table_name CHAR(512),
    record_id INTEGER
);
success!
timestamp: 2012-06-19T20:39:07.263000
CREATE TABLE auth_event(
    id INTEGER PRIMARY KEY AUTOINCREMENT,
    time_stamp TIMESTAMP,
    client_ip CHAR(512),
    user_id INTEGER REFERENCES auth_user(id) ON DELETE CASCADE,
    origin CHAR(512),
    description TEXT
);
success!
timestamp: 2012-06-19T20:39:07.271000
CREATE TABLE auth_cas(
    id INTEGER PRIMARY KEY AUTOINCREMENT,
    user_id INTEGER REFERENCES auth_user(id) ON DELETE CASCADE,
    created_on TIMESTAMP,
    service CHAR(512),
    ticket CHAR(512),
    renew CHAR(1)
);
success!
timestamp: 2012-08-28T20:35:35.889000
CREATE TABLE Gallery(
    id INTEGER PRIMARY KEY AUTOINCREMENT,
    photo CHAR(512),
    description TEXT
);
success!
timestamp: 2012-08-28T20:37:16.983000
ALTER TABLE auth_user ADD username CHAR(128);
timestamp: 2012-08-28T20:52:28.689000
ALTER TABLE auth_user ADD phone CHAR(512);
timestamp: 2012-08-28T20:52:28.700000
ALTER TABLE auth_user ADD about_me TEXT;
timestamp: 2012-08-30T12:54:39.573000
ALTER TABLE Gallery ADD name CHAR(128);
timestamp: 2012-08-30T19:20:46.701000
ALTER TABLE Gallery ADD likes INTEGER;
timestamp: 2012-08-30T23:24:17.964000
ALTER TABLE Gallery ADD user INTEGER REFERENCES auth_user(id) ON DELETE CASCADE;
timestamp: 2012-08-31T01:10:41.322000
CREATE TABLE Likes(
    id INTEGER PRIMARY KEY AUTOINCREMENT,
    photo_id INTEGER REFERENCES Gallery(id) ON DELETE CASCADE,
    likes INTEGER
);
success!
timestamp: 2012-08-31T02:20:48.087000
CREATE TABLE photo(
    id INTEGER PRIMARY KEY AUTOINCREMENT,
    photo_file CHAR(512),
    title CHAR(512)
);
success!
timestamp: 2012-08-31T02:20:48.097000
ALTER TABLE Likes ADD author CHAR(512);
timestamp: 2012-08-31T02:20:48.104000
ALTER TABLE Likes ADD email CHAR(512);
timestamp: 2012-08-31T02:20:48.115000
CREATE TABLE comment(
    id INTEGER PRIMARY KEY AUTOINCREMENT,
    photo_id INTEGER REFERENCES photo(id) ON DELETE CASCADE,
    author CHAR(512),
    email CHAR(512),
    body TEXT
);
success!
timestamp: 2012-08-31T02:36:29.863000
ALTER TABLE photo ADD user INTEGER REFERENCES auth_user(id) ON DELETE CASCADE;
timestamp: 2012-08-31T11:51:19.125000
CREATE TABLE image(
    id INTEGER PRIMARY KEY AUTOINCREMENT,
    User INTEGER REFERENCES auth_user(id) ON DELETE CASCADE,
    file CHAR(512),
    title CHAR(512)
);
success!
timestamp: 2012-08-31T11:51:19.174000
ALTER TABLE Likes ADD image_id INTEGER REFERENCES image(id) ON DELETE CASCADE;
timestamp: 2012-08-31T11:51:19.190000
ALTER TABLE comment ADD image_id INTEGER REFERENCES image(id) ON DELETE CASCADE;
timestamp: 2012-08-31T17:22:37.296000
ALTER TABLE auth_user ADD name CHAR(128);
